-------------------------------------------------------------------------------
Test set: org.example.runners.TestRunner
-------------------------------------------------------------------------------
Tests run: 16, Failures: 3, Errors: 0, Skipped: 0, Time elapsed: 238.277 s <<< FAILURE! - in org.example.runners.TestRunner
runScenario(org.example.runners.TestRunner)  Time elapsed: 13.285 s  <<< FAILURE!
java.lang.AssertionError: 
The following asserts failed:
	expected [https://demo.nopcommerce.com/nokia-lumia-1020] but found [http://demo.nopcommerce.com/]

runScenario(org.example.runners.TestRunner)  Time elapsed: 11.99 s  <<< FAILURE!
java.lang.AssertionError: 
The following asserts failed:
	expected [https://demo.nopcommerce.com/iphone-6] but found [http://demo.nopcommerce.com/]

runScenario(org.example.runners.TestRunner)  Time elapsed: 14.899 s  <<< FAILURE!
java.lang.AssertionError: 
The following asserts failed:
	expected [https://demo.nopcommerce.com/new-online-store-is-open] but found [https://demo.nopcommerce.com/news/rss/1]

