<?xml version="1.0" encoding="UTF-8"?>
<testng-results skipped="0" failed="3" ignored="0" total="16" passed="13">
  <reporter-output>
  </reporter-output>
  <suite name="Surefire suite" duration-ms="252961" started-at="2022-06-17T01:39:56 EET" finished-at="2022-06-17T01:44:09 EET">
    <groups>
      <group name="cucumber">
        <method signature="AbstractTestNGCucumberTests.runScenario(io.cucumber.testng.PickleWrapper,io.cucumber.testng.FeatureWrapper)[pri:0, instance:org.example.runners.TestRunner@42d8062c]" name="runScenario" class="io.cucumber.testng.AbstractTestNGCucumberTests"/>
      </group> <!-- cucumber -->
    </groups>
    <test name="Surefire test" duration-ms="252961" started-at="2022-06-17T01:39:56 EET" finished-at="2022-06-17T01:44:09 EET">
      <class name="org.example.runners.TestRunner">
        <test-method status="PASS" signature="setUpClass(org.testng.ITestContext)[pri:0, instance:org.example.runners.TestRunner@42d8062c]" name="setUpClass" is-config="true" duration-ms="677" started-at="2022-06-17T01:39:56 EET" finished-at="2022-06-17T01:39:57 EET">
          <params>
            <param index="0">
              <value>
                <![CDATA[org.testng.TestRunner@5ce3409b]]>
              </value>
            </param>
          </params>
          <reporter-output>
          </reporter-output>
        </test-method> <!-- setUpClass -->
        <test-method status="PASS" signature="runScenario(io.cucumber.testng.PickleWrapper,io.cucumber.testng.FeatureWrapper)[pri:0, instance:org.example.runners.TestRunner@42d8062c]" name="runScenario" duration-ms="17422" started-at="2022-06-17T01:39:57 EET" description="Runs Cucumber Scenarios" data-provider="scenarios" finished-at="2022-06-17T01:40:14 EET">
          <params>
            <param index="0">
              <value>
                <![CDATA["User register with valid data"]]>
              </value>
            </param>
            <param index="1">
              <value>
                <![CDATA["User could register with valid data"]]>
              </value>
            </param>
          </params>
          <reporter-output>
          </reporter-output>
        </test-method> <!-- runScenario -->
        <test-method status="PASS" signature="runScenario(io.cucumber.testng.PickleWrapper,io.cucumber.testng.FeatureWrapper)[pri:0, instance:org.example.runners.TestRunner@42d8062c]" name="runScenario" duration-ms="15262" started-at="2022-06-17T01:40:14 EET" description="Runs Cucumber Scenarios" data-provider="scenarios" finished-at="2022-06-17T01:40:29 EET">
          <params>
            <param index="0">
              <value>
                <![CDATA["User login with valid credentials"]]>
              </value>
            </param>
            <param index="1">
              <value>
                <![CDATA["User could login with credentials"]]>
              </value>
            </param>
          </params>
          <reporter-output>
          </reporter-output>
        </test-method> <!-- runScenario -->
        <test-method status="PASS" signature="runScenario(io.cucumber.testng.PickleWrapper,io.cucumber.testng.FeatureWrapper)[pri:0, instance:org.example.runners.TestRunner@42d8062c]" name="runScenario" duration-ms="16761" started-at="2022-06-17T01:40:29 EET" description="Runs Cucumber Scenarios" data-provider="scenarios" finished-at="2022-06-17T01:40:46 EET">
          <params>
            <param index="0">
              <value>
                <![CDATA["User login with invalid credentials"]]>
              </value>
            </param>
            <param index="1">
              <value>
                <![CDATA["User could login with credentials"]]>
              </value>
            </param>
          </params>
          <reporter-output>
          </reporter-output>
        </test-method> <!-- runScenario -->
        <test-method status="PASS" signature="runScenario(io.cucumber.testng.PickleWrapper,io.cucumber.testng.FeatureWrapper)[pri:0, instance:org.example.runners.TestRunner@42d8062c]" name="runScenario" duration-ms="18998" started-at="2022-06-17T01:40:46 EET" description="Runs Cucumber Scenarios" data-provider="scenarios" finished-at="2022-06-17T01:41:05 EET">
          <params>
            <param index="0">
              <value>
                <![CDATA["User switch between US and Euro"]]>
              </value>
            </param>
            <param index="1">
              <value>
                <![CDATA["User could switch between currencies [US-Euro]"]]>
              </value>
            </param>
          </params>
          <reporter-output>
          </reporter-output>
        </test-method> <!-- runScenario -->
        <test-method status="PASS" signature="runScenario(io.cucumber.testng.PickleWrapper,io.cucumber.testng.FeatureWrapper)[pri:0, instance:org.example.runners.TestRunner@42d8062c]" name="runScenario" duration-ms="14307" started-at="2022-06-17T01:41:05 EET" description="Runs Cucumber Scenarios" data-provider="scenarios" finished-at="2022-06-17T01:41:19 EET">
          <params>
            <param index="0">
              <value>
                <![CDATA["User search for desired products with product name"]]>
              </value>
            </param>
            <param index="1">
              <value>
                <![CDATA["User could search for any product"]]>
              </value>
            </param>
          </params>
          <reporter-output>
          </reporter-output>
        </test-method> <!-- runScenario -->
        <test-method status="PASS" signature="runScenario(io.cucumber.testng.PickleWrapper,io.cucumber.testng.FeatureWrapper)[pri:0, instance:org.example.runners.TestRunner@42d8062c]" name="runScenario" duration-ms="19768" started-at="2022-06-17T01:41:19 EET" description="Runs Cucumber Scenarios" data-provider="scenarios" finished-at="2022-06-17T01:41:39 EET">
          <params>
            <param index="0">
              <value>
                <![CDATA["User search for desired products with SKU"]]>
              </value>
            </param>
            <param index="1">
              <value>
                <![CDATA["User could search for any product"]]>
              </value>
            </param>
          </params>
          <reporter-output>
          </reporter-output>
        </test-method> <!-- runScenario -->
        <test-method status="PASS" signature="runScenario(io.cucumber.testng.PickleWrapper,io.cucumber.testng.FeatureWrapper)[pri:0, instance:org.example.runners.TestRunner@42d8062c]" name="runScenario" duration-ms="13588" started-at="2022-06-17T01:41:39 EET" description="Runs Cucumber Scenarios" data-provider="scenarios" finished-at="2022-06-17T01:41:53 EET">
          <params>
            <param index="0">
              <value>
                <![CDATA["Select random category then hover and open sub-Category"]]>
              </value>
            </param>
            <param index="1">
              <value>
                <![CDATA["User could select different categories and sub-category"]]>
              </value>
            </param>
          </params>
          <reporter-output>
          </reporter-output>
        </test-method> <!-- runScenario -->
        <test-method status="FAIL" signature="runScenario(io.cucumber.testng.PickleWrapper,io.cucumber.testng.FeatureWrapper)[pri:0, instance:org.example.runners.TestRunner@42d8062c]" name="runScenario" duration-ms="13861" started-at="2022-06-17T01:41:53 EET" description="Runs Cucumber Scenarios" data-provider="scenarios" finished-at="2022-06-17T01:42:07 EET">
          <params>
            <param index="0">
              <value>
                <![CDATA["Click on Nokia banner on responsive slider wrapper"]]>
              </value>
            </param>
            <param index="1">
              <value>
                <![CDATA["User could click on slider wrapper"]]>
              </value>
            </param>
          </params>
          <exception class="java.lang.AssertionError">
            <message>
              <![CDATA[The following asserts failed:
expected [https://demo.nopcommerce.com/nokia-lumia-1020] but found [http://demo.nopcommerce.com/]]]>
            </message>
            <full-stacktrace>
              <![CDATA[java.lang.AssertionError: The following asserts failed:
expected [https://demo.nopcommerce.com/nokia-lumia-1020] but found [http://demo.nopcommerce.com/]
at org.testng.asserts.SoftAssert.assertAll(SoftAssert.java:46)
at org.testng.asserts.SoftAssert.assertAll(SoftAssert.java:30)
at org.example.stepDefinitions.D06_homeSlidersStepDef.slider_Nokia(D06_homeSlidersStepDef.java:32)
at ✽.User could click on the banner and redirect to the Nokia link(file:///C:/Users/Ahmed/IdeaProjects/E-commerce-App-Automation-Testing-Project/src/main/resources/features/F06_homeSliders.feature:11)
]]>
            </full-stacktrace>
          </exception> <!-- java.lang.AssertionError -->
          <reporter-output>
          </reporter-output>
        </test-method> <!-- runScenario -->
        <test-method status="FAIL" signature="runScenario(io.cucumber.testng.PickleWrapper,io.cucumber.testng.FeatureWrapper)[pri:0, instance:org.example.runners.TestRunner@42d8062c]" name="runScenario" duration-ms="12475" started-at="2022-06-17T01:42:07 EET" description="Runs Cucumber Scenarios" data-provider="scenarios" finished-at="2022-06-17T01:42:19 EET">
          <params>
            <param index="0">
              <value>
                <![CDATA["Click on Nokia banner on responsive slider wrapper"]]>
              </value>
            </param>
            <param index="1">
              <value>
                <![CDATA["User could click on slider wrapper"]]>
              </value>
            </param>
          </params>
          <exception class="java.lang.AssertionError">
            <message>
              <![CDATA[The following asserts failed:
expected [https://demo.nopcommerce.com/iphone-6] but found [http://demo.nopcommerce.com/]]]>
            </message>
            <full-stacktrace>
              <![CDATA[java.lang.AssertionError: The following asserts failed:
expected [https://demo.nopcommerce.com/iphone-6] but found [http://demo.nopcommerce.com/]
at org.testng.asserts.SoftAssert.assertAll(SoftAssert.java:46)
at org.testng.asserts.SoftAssert.assertAll(SoftAssert.java:30)
at org.example.stepDefinitions.D06_homeSlidersStepDef.slider_IPhone(D06_homeSlidersStepDef.java:54)
at ✽.User could click on the banner and redirect to the IPhone link(file:///C:/Users/Ahmed/IdeaProjects/E-commerce-App-Automation-Testing-Project/src/main/resources/features/F06_homeSliders.feature:18)
]]>
            </full-stacktrace>
          </exception> <!-- java.lang.AssertionError -->
          <reporter-output>
          </reporter-output>
        </test-method> <!-- runScenario -->
        <test-method status="PASS" signature="runScenario(io.cucumber.testng.PickleWrapper,io.cucumber.testng.FeatureWrapper)[pri:0, instance:org.example.runners.TestRunner@42d8062c]" name="runScenario" duration-ms="17478" started-at="2022-06-17T01:42:19 EET" description="Runs Cucumber Scenarios" data-provider="scenarios" finished-at="2022-06-17T01:42:37 EET">
          <params>
            <param index="0">
              <value>
                <![CDATA["user could open facebook"]]>
              </value>
            </param>
            <param index="1">
              <value>
                <![CDATA["Follow us links open the corresponding URLs"]]>
              </value>
            </param>
          </params>
          <reporter-output>
          </reporter-output>
        </test-method> <!-- runScenario -->
        <test-method status="PASS" signature="runScenario(io.cucumber.testng.PickleWrapper,io.cucumber.testng.FeatureWrapper)[pri:0, instance:org.example.runners.TestRunner@42d8062c]" name="runScenario" duration-ms="14050" started-at="2022-06-17T01:42:37 EET" description="Runs Cucumber Scenarios" data-provider="scenarios" finished-at="2022-06-17T01:42:51 EET">
          <params>
            <param index="0">
              <value>
                <![CDATA["user could open twitter"]]>
              </value>
            </param>
            <param index="1">
              <value>
                <![CDATA["Follow us links open the corresponding URLs"]]>
              </value>
            </param>
          </params>
          <reporter-output>
          </reporter-output>
        </test-method> <!-- runScenario -->
        <test-method status="FAIL" signature="runScenario(io.cucumber.testng.PickleWrapper,io.cucumber.testng.FeatureWrapper)[pri:0, instance:org.example.runners.TestRunner@42d8062c]" name="runScenario" duration-ms="16169" started-at="2022-06-17T01:42:51 EET" description="Runs Cucumber Scenarios" data-provider="scenarios" finished-at="2022-06-17T01:43:07 EET">
          <params>
            <param index="0">
              <value>
                <![CDATA["user could open rss"]]>
              </value>
            </param>
            <param index="1">
              <value>
                <![CDATA["Follow us links open the corresponding URLs"]]>
              </value>
            </param>
          </params>
          <exception class="java.lang.AssertionError">
            <message>
              <![CDATA[The following asserts failed:
expected [https://demo.nopcommerce.com/new-online-store-is-open] but found [https://demo.nopcommerce.com/news/rss/1]]]>
            </message>
            <full-stacktrace>
              <![CDATA[java.lang.AssertionError: The following asserts failed:
expected [https://demo.nopcommerce.com/new-online-store-is-open] but found [https://demo.nopcommerce.com/news/rss/1]
at org.testng.asserts.SoftAssert.assertAll(SoftAssert.java:46)
at org.testng.asserts.SoftAssert.assertAll(SoftAssert.java:30)
at org.example.stepDefinitions.D07_followUsStepDef.rss_Open(D07_followUsStepDef.java:75)
at ✽.User could open rss page(file:///C:/Users/Ahmed/IdeaProjects/E-commerce-App-Automation-Testing-Project/src/main/resources/features/F07_followUs.feature:17)
]]>
            </full-stacktrace>
          </exception> <!-- java.lang.AssertionError -->
          <reporter-output>
          </reporter-output>
        </test-method> <!-- runScenario -->
        <test-method status="PASS" signature="runScenario(io.cucumber.testng.PickleWrapper,io.cucumber.testng.FeatureWrapper)[pri:0, instance:org.example.runners.TestRunner@42d8062c]" name="runScenario" duration-ms="18153" started-at="2022-06-17T01:43:07 EET" description="Runs Cucumber Scenarios" data-provider="scenarios" finished-at="2022-06-17T01:43:25 EET">
          <params>
            <param index="0">
              <value>
                <![CDATA["user could open youtube"]]>
              </value>
            </param>
            <param index="1">
              <value>
                <![CDATA["Follow us links open the corresponding URLs"]]>
              </value>
            </param>
          </params>
          <reporter-output>
          </reporter-output>
        </test-method> <!-- runScenario -->
        <test-method status="PASS" signature="runScenario(io.cucumber.testng.PickleWrapper,io.cucumber.testng.FeatureWrapper)[pri:0, instance:org.example.runners.TestRunner@42d8062c]" name="runScenario" duration-ms="12566" started-at="2022-06-17T01:43:25 EET" description="Runs Cucumber Scenarios" data-provider="scenarios" finished-at="2022-06-17T01:43:38 EET">
          <params>
            <param index="0">
              <value>
                <![CDATA["User choose a product and click on Add to wishlist icon"]]>
              </value>
            </param>
            <param index="1">
              <value>
                <![CDATA["User could add products to wishlist"]]>
              </value>
            </param>
          </params>
          <reporter-output>
          </reporter-output>
        </test-method> <!-- runScenario -->
        <test-method status="PASS" signature="runScenario(io.cucumber.testng.PickleWrapper,io.cucumber.testng.FeatureWrapper)[pri:0, instance:org.example.runners.TestRunner@42d8062c]" name="runScenario" duration-ms="13365" started-at="2022-06-17T01:43:38 EET" description="Runs Cucumber Scenarios" data-provider="scenarios" finished-at="2022-06-17T01:43:51 EET">
          <params>
            <param index="0">
              <value>
                <![CDATA["number of wishlist items in home page is increased"]]>
              </value>
            </param>
            <param index="1">
              <value>
                <![CDATA["User could add products to wishlist"]]>
              </value>
            </param>
          </params>
          <reporter-output>
          </reporter-output>
        </test-method> <!-- runScenario -->
        <test-method status="PASS" signature="runScenario(io.cucumber.testng.PickleWrapper,io.cucumber.testng.FeatureWrapper)[pri:0, instance:org.example.runners.TestRunner@42d8062c]" name="runScenario" duration-ms="17885" started-at="2022-06-17T01:43:51 EET" description="Runs Cucumber Scenarios" data-provider="scenarios" finished-at="2022-06-17T01:44:09 EET">
          <params>
            <param index="0">
              <value>
                <![CDATA["User choose a product and click on ADD TO CART button"]]>
              </value>
            </param>
            <param index="1">
              <value>
                <![CDATA["User could add products to cart"]]>
              </value>
            </param>
          </params>
          <reporter-output>
          </reporter-output>
        </test-method> <!-- runScenario -->
        <test-method status="PASS" signature="tearDownClass()[pri:0, instance:org.example.runners.TestRunner@42d8062c]" name="tearDownClass" is-config="true" duration-ms="109" started-at="2022-06-17T01:44:09 EET" finished-at="2022-06-17T01:44:09 EET">
          <reporter-output>
          </reporter-output>
        </test-method> <!-- tearDownClass -->
      </class> <!-- org.example.runners.TestRunner -->
    </test> <!-- Surefire test -->
  </suite> <!-- Surefire suite -->
</testng-results>
